\BOOKMARK [1][-]{section.1}{Design Interface}{}% 1
\BOOKMARK [2][-]{subsection.1.1}{Participants}{section.1}% 2
\BOOKMARK [2][-]{subsection.1.2}{Objectifs}{section.1}% 3
\BOOKMARK [2][-]{subsection.1.3}{Avancement}{section.1}% 4
\BOOKMARK [1][-]{section.2}{OpenCV Interface}{}% 5
\BOOKMARK [2][-]{subsection.2.1}{Introduction}{section.2}% 6
\BOOKMARK [2][-]{subsection.2.2}{Conditions de fonctionnement}{section.2}% 7
\BOOKMARK [2][-]{subsection.2.3}{Algorithme d\351velopp\351}{section.2}% 8
\BOOKMARK [3][-]{subsubsection.2.3.1}{Structure de l'algorithme}{subsection.2.3}% 9
\BOOKMARK [2][-]{subsection.2.4}{Roadmap}{section.2}% 10
\BOOKMARK [1][-]{section.3}{Caract\351risation des \351v\351nements}{}% 11
\BOOKMARK [2][-]{subsection.3.1}{Introduction}{section.3}% 12
\BOOKMARK [2][-]{subsection.3.2}{Description des zones}{section.3}% 13
\BOOKMARK [2][-]{subsection.3.3}{Impl\351mentation}{section.3}% 14
\BOOKMARK [2][-]{subsection.3.4}{Affichage des zones}{section.3}% 15
\BOOKMARK [1][-]{section.4}{Workpackage Communication}{}% 16
\BOOKMARK [2][-]{subsection.4.1}{Introduction}{section.4}% 17
\BOOKMARK [2][-]{subsection.4.2}{D\351finition d'une identit\351 graphique}{section.4}% 18
\BOOKMARK [2][-]{subsection.4.3}{Communication num\351rique}{section.4}% 19
\BOOKMARK [3][-]{subsubsection.4.3.1}{Site Internet}{subsection.4.3}% 20
\BOOKMARK [3][-]{subsubsection.4.3.2}{Autre pr\351sence}{subsection.4.3}% 21
\BOOKMARK [2][-]{subsection.4.4}{Diffusion num\351rique}{section.4}% 22
\BOOKMARK [2][-]{subsection.4.5}{Bilan}{section.4}% 23
